
> verdant@0.1.0 build-storybook
> storybook build --output-dir=C:\Users\CHRIST~1\AppData\Local\Temp\chromatic--7256-kct2ZtWGTHge


[90m┌[39m  Building storybook v10.3.3
[90m│[39m
[32m◇[39m  Cleaning outputDir:
[90m│[39m  [36mC:/Users/CHRIST~1/AppData/Local/Temp/chromatic--7256-kct2ZtWGTHge[39m
[90m│[39m
[32m◇[39m  Loading presets
[90m│[39m
[32m◇[39m  Building manager..
[90m│[39m
[34m●[39m  Building preview..
[90m│[39m
[33m▲[39m  No story files found for the specified pattern: [34mstories\**\*.mdx[39m
[90m│[39m
[33m▲[39m  No story files found for the specified pattern:
[90m│[39m  [34mstories\**\*.stories.@(ts|tsx)[39m
[90m│[39m
[33m▲[39m  No story files found for the specified pattern: [34mcomponents\**\*.mdx[39m
[90m│[39m
[34m●[39m  Copying static files: [36mpublic[39m at
[90m│[39m  [36mC:\Users\CHRIST~1\AppData\Local\Temp\chromatic--7256-kct2ZtWGTHge[39m
[90m│[39m
[34m●[39m  Addon-docs: using MDX3
[90m│[39m
[34m●[39m  Using implicit CSS loaders
[90m│[39m
[34m●[39m  Using SWC as compiler
[90m│[39m
[34m●[39m  Using default Webpack5 setup
[90m│[39m
[33m▲[39m  Critical dependency: the request of a dependency is an expression
[90m│[39m
[33m▲[39m  asset size limit: The following asset(s) exceed the recommended size
[90m│[39m  limit (244 KiB).
[90m│[39m  This can impact web performance.
[90m│[39m  Assets:
[90m│[39m  356.96b97452.iframe.bundle.js (430 KiB)
[90m│[39m  215.989998b6.iframe.bundle.js (1.06 MiB)
[90m│[39m  609.08d4ee0a.iframe.bundle.js (812 KiB)
[90m│[39m  688.89d2d180.iframe.bundle.js (1.19 MiB)
[90m│[39m
[33m▲[39m  entrypoint size limit: The following entrypoint(s) combined asset size
[90m│[39m  exceeds the recommended limit (244 KiB). This can impact web
[90m│[39m  performance.
[90m│[39m  Entrypoints:
[90m│[39m  main (1.25 MiB)
[90m│[39m  runtime~main.5dc558c8.iframe.bundle.js
[90m│[39m  688.89d2d180.iframe.bundle.js
[90m│[39m  main.65e6a0d2.iframe.bundle.js

[90m│[39m
[32m◇[39m  Output directory:
[90m│[39m  C:/Users/CHRIST~1/AppData/Local/Temp/chromatic--7256-kct2ZtWGTHge
[90m│[39m
[90m└[39m  Storybook build completed successfully

